d:\libraries\bullet2\lib\debug\bulletsoftbody_debug.lib
d:\libraries\bullet2\lib\debug\bulletsoftbody_debug.exp
d:\libraries\bullet2\src\bulletsoftbody\bulletsoftbody.dir\debug\bulletsoftbody.pdb
d:\libraries\bullet2\src\bulletsoftbody\bulletsoftbody.dir\debug\btdefaultsoftbodysolver.obj
d:\libraries\bullet2\src\bulletsoftbody\bulletsoftbody.dir\debug\btsoftsoftcollisionalgorithm.obj
d:\libraries\bullet2\src\bulletsoftbody\bulletsoftbody.dir\debug\btsoftrigiddynamicsworld.obj
d:\libraries\bullet2\src\bulletsoftbody\bulletsoftbody.dir\debug\btsoftrigidcollisionalgorithm.obj
d:\libraries\bullet2\src\bulletsoftbody\bulletsoftbody.dir\debug\btsoftbodyrigidbodycollisionconfiguration.obj
d:\libraries\bullet2\src\bulletsoftbody\bulletsoftbody.dir\debug\btsoftbodyhelpers.obj
d:\libraries\bullet2\src\bulletsoftbody\bulletsoftbody.dir\debug\btsoftbodyconcavecollisionalgorithm.obj
d:\libraries\bullet2\src\bulletsoftbody\bulletsoftbody.dir\debug\btsoftbody.obj
d:\libraries\bullet2\src\bulletsoftbody\bulletsoftbody.dir\debug\vc140.pdb
d:\libraries\bullet2\src\bulletsoftbody\cmakefiles\generate.stamp
d:\libraries\bullet2\lib\debug\bulletsoftbody_debug.ilk
d:\libraries\bullet2\lib\debug\bulletsoftbody_debug.dll
d:\libraries\bullet2\lib\debug\bulletsoftbody_debug.pdb
d:\libraries\bullet2\src\bulletsoftbody\bulletsoftbody.dir\debug\bulletsoftbody.tlog\bulletsoftbody.write.1u.tlog
d:\libraries\bullet2\src\bulletsoftbody\bulletsoftbody.dir\debug\bulletsoftbody.tlog\cl.command.1.tlog
d:\libraries\bullet2\src\bulletsoftbody\bulletsoftbody.dir\debug\bulletsoftbody.tlog\cl.read.1.tlog
d:\libraries\bullet2\src\bulletsoftbody\bulletsoftbody.dir\debug\bulletsoftbody.tlog\cl.write.1.tlog
d:\libraries\bullet2\src\bulletsoftbody\bulletsoftbody.dir\debug\bulletsoftbody.tlog\custombuild.command.1.tlog
d:\libraries\bullet2\src\bulletsoftbody\bulletsoftbody.dir\debug\bulletsoftbody.tlog\custombuild.read.1.tlog
d:\libraries\bullet2\src\bulletsoftbody\bulletsoftbody.dir\debug\bulletsoftbody.tlog\custombuild.write.1.tlog
d:\libraries\bullet2\src\bulletsoftbody\bulletsoftbody.dir\debug\bulletsoftbody.tlog\lib-link.read.1.tlog
d:\libraries\bullet2\src\bulletsoftbody\bulletsoftbody.dir\debug\bulletsoftbody.tlog\lib-link.write.1.tlog
d:\libraries\bullet2\src\bulletsoftbody\bulletsoftbody.dir\debug\bulletsoftbody.tlog\lib.command.1.tlog
d:\libraries\bullet2\src\bulletsoftbody\bulletsoftbody.dir\debug\bulletsoftbody.tlog\link.command.1.tlog
d:\libraries\bullet2\src\bulletsoftbody\bulletsoftbody.dir\debug\bulletsoftbody.tlog\link.read.1.tlog
d:\libraries\bullet2\src\bulletsoftbody\bulletsoftbody.dir\debug\bulletsoftbody.tlog\link.write.1.tlog
