d:\libraries\bullet2\lib\release\bulletsoftbody.lib
d:\libraries\bullet2\lib\release\bulletsoftbody.exp
d:\libraries\bullet2\src\bulletsoftbody\bulletsoftbody.dir\release\btdefaultsoftbodysolver.obj
d:\libraries\bullet2\src\bulletsoftbody\bulletsoftbody.dir\release\btsoftsoftcollisionalgorithm.obj
d:\libraries\bullet2\src\bulletsoftbody\bulletsoftbody.dir\release\btsoftrigiddynamicsworld.obj
d:\libraries\bullet2\src\bulletsoftbody\bulletsoftbody.dir\release\btsoftrigidcollisionalgorithm.obj
d:\libraries\bullet2\src\bulletsoftbody\bulletsoftbody.dir\release\btsoftbodyrigidbodycollisionconfiguration.obj
d:\libraries\bullet2\src\bulletsoftbody\bulletsoftbody.dir\release\btsoftbodyhelpers.obj
d:\libraries\bullet2\src\bulletsoftbody\bulletsoftbody.dir\release\btsoftbodyconcavecollisionalgorithm.obj
d:\libraries\bullet2\src\bulletsoftbody\bulletsoftbody.dir\release\btsoftbody.obj
d:\libraries\bullet2\src\bulletsoftbody\cmakefiles\generate.stamp
d:\libraries\bullet2\lib\release\bulletsoftbody.dll
d:\libraries\bullet2\src\bulletsoftbody\bulletsoftbody.dir\release\bulletsoftbody.tlog\bulletsoftbody.write.1u.tlog
d:\libraries\bullet2\src\bulletsoftbody\bulletsoftbody.dir\release\bulletsoftbody.tlog\cl.command.1.tlog
d:\libraries\bullet2\src\bulletsoftbody\bulletsoftbody.dir\release\bulletsoftbody.tlog\cl.read.1.tlog
d:\libraries\bullet2\src\bulletsoftbody\bulletsoftbody.dir\release\bulletsoftbody.tlog\cl.write.1.tlog
d:\libraries\bullet2\src\bulletsoftbody\bulletsoftbody.dir\release\bulletsoftbody.tlog\custombuild.command.1.tlog
d:\libraries\bullet2\src\bulletsoftbody\bulletsoftbody.dir\release\bulletsoftbody.tlog\custombuild.read.1.tlog
d:\libraries\bullet2\src\bulletsoftbody\bulletsoftbody.dir\release\bulletsoftbody.tlog\custombuild.write.1.tlog
d:\libraries\bullet2\src\bulletsoftbody\bulletsoftbody.dir\release\bulletsoftbody.tlog\lib-link.read.1.tlog
d:\libraries\bullet2\src\bulletsoftbody\bulletsoftbody.dir\release\bulletsoftbody.tlog\lib-link.write.1.tlog
d:\libraries\bullet2\src\bulletsoftbody\bulletsoftbody.dir\release\bulletsoftbody.tlog\lib.command.1.tlog
d:\libraries\bullet2\src\bulletsoftbody\bulletsoftbody.dir\release\bulletsoftbody.tlog\link.command.1.tlog
d:\libraries\bullet2\src\bulletsoftbody\bulletsoftbody.dir\release\bulletsoftbody.tlog\link.read.1.tlog
d:\libraries\bullet2\src\bulletsoftbody\bulletsoftbody.dir\release\bulletsoftbody.tlog\link.write.1.tlog
