d:\libraries\bullet2\lib\release\bulletdynamics.lib
d:\libraries\bullet2\lib\release\bulletdynamics.exp
d:\libraries\bullet2\src\bulletdynamics\bulletdynamics.dir\release\btsimpledynamicsworld.obj
d:\libraries\bullet2\src\bulletdynamics\bulletdynamics.dir\release\btrigidbody.obj
d:\libraries\bullet2\src\bulletdynamics\bulletdynamics.dir\release\btdiscretedynamicsworld.obj
d:\libraries\bullet2\src\bulletdynamics\bulletdynamics.dir\release\btuniversalconstraint.obj
d:\libraries\bullet2\src\bulletdynamics\bulletdynamics.dir\release\bttypedconstraint.obj
d:\libraries\bullet2\src\bulletdynamics\bulletdynamics.dir\release\btsolve2linearconstraint.obj
d:\libraries\bullet2\src\bulletdynamics\bulletdynamics.dir\release\btsliderconstraint.obj
d:\libraries\bullet2\src\bulletdynamics\bulletdynamics.dir\release\btnncgconstraintsolver.obj
d:\libraries\bullet2\src\bulletdynamics\bulletdynamics.dir\release\btsequentialimpulseconstraintsolver.obj
d:\libraries\bullet2\src\bulletdynamics\bulletdynamics.dir\release\btpoint2pointconstraint.obj
d:\libraries\bullet2\src\bulletdynamics\bulletdynamics.dir\release\bthingeconstraint.obj
d:\libraries\bullet2\src\bulletdynamics\bulletdynamics.dir\release\bthinge2constraint.obj
d:\libraries\bullet2\src\bulletdynamics\bulletdynamics.dir\release\btgeneric6dofspring2constraint.obj
d:\libraries\bullet2\src\bulletdynamics\bulletdynamics.dir\release\btgeneric6dofspringconstraint.obj
d:\libraries\bullet2\src\bulletdynamics\bulletdynamics.dir\release\btgeneric6dofconstraint.obj
d:\libraries\bullet2\src\bulletdynamics\bulletdynamics.dir\release\btgearconstraint.obj
d:\libraries\bullet2\src\bulletdynamics\bulletdynamics.dir\release\btfixedconstraint.obj
d:\libraries\bullet2\src\bulletdynamics\bulletdynamics.dir\release\btcontactconstraint.obj
d:\libraries\bullet2\src\bulletdynamics\bulletdynamics.dir\release\btconetwistconstraint.obj
d:\libraries\bullet2\src\bulletdynamics\bulletdynamics.dir\release\btkinematiccharactercontroller.obj
d:\libraries\bullet2\src\bulletdynamics\bulletdynamics.dir\release\btlemkealgorithm.obj
d:\libraries\bullet2\src\bulletdynamics\bulletdynamics.dir\release\btmlcpsolver.obj
d:\libraries\bullet2\src\bulletdynamics\bulletdynamics.dir\release\btdantziglcp.obj
d:\libraries\bullet2\src\bulletdynamics\bulletdynamics.dir\release\btmultibodyjointmotor.obj
d:\libraries\bullet2\src\bulletdynamics\bulletdynamics.dir\release\btmultibodypoint2point.obj
d:\libraries\bullet2\src\bulletdynamics\bulletdynamics.dir\release\btmultibodyconstraint.obj
d:\libraries\bullet2\src\bulletdynamics\bulletdynamics.dir\release\btmultibodyjointlimitconstraint.obj
d:\libraries\bullet2\src\bulletdynamics\bulletdynamics.dir\release\btmultibodydynamicsworld.obj
d:\libraries\bullet2\src\bulletdynamics\bulletdynamics.dir\release\btmultibodyconstraintsolver.obj
d:\libraries\bullet2\src\bulletdynamics\bulletdynamics.dir\release\btmultibody.obj
d:\libraries\bullet2\src\bulletdynamics\bulletdynamics.dir\release\btwheelinfo.obj
d:\libraries\bullet2\src\bulletdynamics\bulletdynamics.dir\release\btraycastvehicle.obj
d:\libraries\bullet2\src\bulletdynamics\cmakefiles\generate.stamp
d:\libraries\bullet2\lib\release\bulletdynamics.dll
d:\libraries\bullet2\src\bulletdynamics\bulletdynamics.dir\release\bulletdynamics.tlog\bulletdynamics.write.1u.tlog
d:\libraries\bullet2\src\bulletdynamics\bulletdynamics.dir\release\bulletdynamics.tlog\cl.command.1.tlog
d:\libraries\bullet2\src\bulletdynamics\bulletdynamics.dir\release\bulletdynamics.tlog\cl.read.1.tlog
d:\libraries\bullet2\src\bulletdynamics\bulletdynamics.dir\release\bulletdynamics.tlog\cl.write.1.tlog
d:\libraries\bullet2\src\bulletdynamics\bulletdynamics.dir\release\bulletdynamics.tlog\custombuild.command.1.tlog
d:\libraries\bullet2\src\bulletdynamics\bulletdynamics.dir\release\bulletdynamics.tlog\custombuild.read.1.tlog
d:\libraries\bullet2\src\bulletdynamics\bulletdynamics.dir\release\bulletdynamics.tlog\custombuild.write.1.tlog
d:\libraries\bullet2\src\bulletdynamics\bulletdynamics.dir\release\bulletdynamics.tlog\lib-link.read.1.tlog
d:\libraries\bullet2\src\bulletdynamics\bulletdynamics.dir\release\bulletdynamics.tlog\lib-link.write.1.tlog
d:\libraries\bullet2\src\bulletdynamics\bulletdynamics.dir\release\bulletdynamics.tlog\lib.command.1.tlog
d:\libraries\bullet2\src\bulletdynamics\bulletdynamics.dir\release\bulletdynamics.tlog\link.command.1.tlog
d:\libraries\bullet2\src\bulletdynamics\bulletdynamics.dir\release\bulletdynamics.tlog\link.read.1.tlog
d:\libraries\bullet2\src\bulletdynamics\bulletdynamics.dir\release\bulletdynamics.tlog\link.write.1.tlog
