d:\libraries\bullet2\src\linearmath\linearmath.dir\debug\linearmath.pdb
d:\libraries\bullet2\src\linearmath\linearmath.dir\debug\btvector3.obj
d:\libraries\bullet2\src\linearmath\linearmath.dir\debug\btserializer.obj
d:\libraries\bullet2\src\linearmath\linearmath.dir\debug\btquickprof.obj
d:\libraries\bullet2\src\linearmath\linearmath.dir\debug\btpolardecomposition.obj
d:\libraries\bullet2\src\linearmath\linearmath.dir\debug\btgeometryutil.obj
d:\libraries\bullet2\src\linearmath\linearmath.dir\debug\btconvexhullcomputer.obj
d:\libraries\bullet2\src\linearmath\linearmath.dir\debug\btconvexhull.obj
d:\libraries\bullet2\src\linearmath\linearmath.dir\debug\btalignedallocator.obj
d:\libraries\bullet2\src\linearmath\linearmath.dir\debug\vc140.pdb
d:\libraries\bullet2\src\linearmath\cmakefiles\generate.stamp
d:\libraries\bullet2\lib\debug\linearmath_debug.lib
d:\libraries\bullet2\lib\debug\linearmath_debug.exp
d:\libraries\bullet2\lib\debug\linearmath_debug.ilk
d:\libraries\bullet2\lib\debug\linearmath_debug.dll
d:\libraries\bullet2\lib\debug\linearmath_debug.pdb
d:\libraries\bullet2\src\linearmath\linearmath.dir\debug\linearmath.tlog\cl.command.1.tlog
d:\libraries\bullet2\src\linearmath\linearmath.dir\debug\linearmath.tlog\cl.read.1.tlog
d:\libraries\bullet2\src\linearmath\linearmath.dir\debug\linearmath.tlog\cl.write.1.tlog
d:\libraries\bullet2\src\linearmath\linearmath.dir\debug\linearmath.tlog\custombuild.command.1.tlog
d:\libraries\bullet2\src\linearmath\linearmath.dir\debug\linearmath.tlog\custombuild.read.1.tlog
d:\libraries\bullet2\src\linearmath\linearmath.dir\debug\linearmath.tlog\custombuild.write.1.tlog
d:\libraries\bullet2\src\linearmath\linearmath.dir\debug\linearmath.tlog\lib-link.read.1.tlog
d:\libraries\bullet2\src\linearmath\linearmath.dir\debug\linearmath.tlog\lib-link.write.1.tlog
d:\libraries\bullet2\src\linearmath\linearmath.dir\debug\linearmath.tlog\lib.command.1.tlog
d:\libraries\bullet2\src\linearmath\linearmath.dir\debug\linearmath.tlog\linearmath.write.1u.tlog
d:\libraries\bullet2\src\linearmath\linearmath.dir\debug\linearmath.tlog\link.command.1.tlog
d:\libraries\bullet2\src\linearmath\linearmath.dir\debug\linearmath.tlog\link.read.1.tlog
d:\libraries\bullet2\src\linearmath\linearmath.dir\debug\linearmath.tlog\link.write.1.tlog
