d:\libraries\bullet2\src\linearmath\linearmath.dir\release\btvector3.obj
d:\libraries\bullet2\src\linearmath\linearmath.dir\release\btserializer.obj
d:\libraries\bullet2\src\linearmath\linearmath.dir\release\btquickprof.obj
d:\libraries\bullet2\src\linearmath\linearmath.dir\release\btpolardecomposition.obj
d:\libraries\bullet2\src\linearmath\linearmath.dir\release\btgeometryutil.obj
d:\libraries\bullet2\src\linearmath\linearmath.dir\release\btconvexhullcomputer.obj
d:\libraries\bullet2\src\linearmath\linearmath.dir\release\btconvexhull.obj
d:\libraries\bullet2\src\linearmath\linearmath.dir\release\btalignedallocator.obj
d:\libraries\bullet2\src\linearmath\cmakefiles\generate.stamp
d:\libraries\bullet2\lib\release\linearmath.lib
d:\libraries\bullet2\lib\release\linearmath.exp
d:\libraries\bullet2\lib\release\linearmath.dll
d:\libraries\bullet2\src\linearmath\linearmath.dir\release\linearmath.tlog\cl.command.1.tlog
d:\libraries\bullet2\src\linearmath\linearmath.dir\release\linearmath.tlog\cl.read.1.tlog
d:\libraries\bullet2\src\linearmath\linearmath.dir\release\linearmath.tlog\cl.write.1.tlog
d:\libraries\bullet2\src\linearmath\linearmath.dir\release\linearmath.tlog\custombuild.command.1.tlog
d:\libraries\bullet2\src\linearmath\linearmath.dir\release\linearmath.tlog\custombuild.read.1.tlog
d:\libraries\bullet2\src\linearmath\linearmath.dir\release\linearmath.tlog\custombuild.write.1.tlog
d:\libraries\bullet2\src\linearmath\linearmath.dir\release\linearmath.tlog\lib-link.read.1.tlog
d:\libraries\bullet2\src\linearmath\linearmath.dir\release\linearmath.tlog\lib-link.write.1.tlog
d:\libraries\bullet2\src\linearmath\linearmath.dir\release\linearmath.tlog\lib.command.1.tlog
d:\libraries\bullet2\src\linearmath\linearmath.dir\release\linearmath.tlog\linearmath.write.1u.tlog
d:\libraries\bullet2\src\linearmath\linearmath.dir\release\linearmath.tlog\link.command.1.tlog
d:\libraries\bullet2\src\linearmath\linearmath.dir\release\linearmath.tlog\link.read.1.tlog
d:\libraries\bullet2\src\linearmath\linearmath.dir\release\linearmath.tlog\link.write.1.tlog
